<?xml version="1.0" encoding="UTF-8" ?>
<testsuite skipped="0" tests="4" failures="0" errors="0" name="au.com.nab.calculator.service.CalculatorServiceTest" time="0.063">
  <properties>
    <property value="IBM Corporation" name="java.vendor"/>
    <property value="SUN_STANDARD" name="sun.java.launcher"/>
    <property value="Windows 7" name="os.name"/>
    <property value="C:\Program Files (x86)\IBM\SDP\runtimes\base_v7\java\jre\lib\vm.jar;C:\Program Files (x86)\IBM\SDP\runtimes\base_v7\java\jre\lib\annotation.jar;C:\Program Files (x86)\IBM\SDP\runtimes\base_v7\java\jre\lib\beans.jar;C:\Program Files (x86)\IBM\SDP\runtimes\base_v7\java\jre\lib\java.util.jar;C:\Program Files (x86)\IBM\SDP\runtimes\base_v7\java\jre\lib\jndi.jar;C:\Program Files (x86)\IBM\SDP\runtimes\base_v7\java\jre\lib\logging.jar;C:\Program Files (x86)\IBM\SDP\runtimes\base_v7\java\jre\lib\security.jar;C:\Program Files (x86)\IBM\SDP\runtimes\base_v7\java\jre\lib\sql.jar;C:\Program Files (x86)\IBM\SDP\runtimes\base_v7\java\jre\lib\ibmorb.jar;C:\Program Files (x86)\IBM\SDP\runtimes\base_v7\java\jre\lib\ibmorbapi.jar;C:\Program Files (x86)\IBM\SDP\runtimes\base_v7\java\jre\lib\ibmcfw.jar;C:\Program Files (x86)\IBM\SDP\runtimes\base_v7\java\jre\lib\rt.jar;C:\Program Files (x86)\IBM\SDP\runtimes\base_v7\java\jre\lib\charsets.jar;C:\Program Files (x86)\IBM\SDP\runtimes\base_v7\java\jre\lib\resources.jar;C:\Program Files (x86)\IBM\SDP\runtimes\base_v7\java\jre\lib\ibmpkcs.jar;C:\Program Files (x86)\IBM\SDP\runtimes\base_v7\java\jre\lib\ibmcertpathfw.jar;C:\Program Files (x86)\IBM\SDP\runtimes\base_v7\java\jre\lib\ibmjgssfw.jar;C:\Program Files (x86)\IBM\SDP\runtimes\base_v7\java\jre\lib\ibmjssefw.jar;C:\Program Files (x86)\IBM\SDP\runtimes\base_v7\java\jre\lib\ibmsaslfw.jar;C:\Program Files (x86)\IBM\SDP\runtimes\base_v7\java\jre\lib\ibmjcefw.jar;C:\Program Files (x86)\IBM\SDP\runtimes\base_v7\java\jre\lib\ibmjgssprovider.jar;C:\Program Files (x86)\IBM\SDP\runtimes\base_v7\java\jre\lib\ibmjsseprovider2.jar;C:\Program Files (x86)\IBM\SDP\runtimes\base_v7\java\jre\lib\ibmcertpathprovider.jar;C:\Program Files (x86)\IBM\SDP\runtimes\base_v7\java\jre\lib\ibmxmlcrypto.jar;C:\Program Files (x86)\IBM\SDP\runtimes\base_v7\java\jre\lib\management-agent.jar;C:\Program Files (x86)\IBM\SDP\runtimes\base_v7\java\jre\lib\xml.jar;C:\Program Files (x86)\IBM\SDP\runtimes\base_v7\java\jre\lib\jlm.jar;C:\Program Files (x86)\IBM\SDP\runtimes\base_v7\java\jre\lib\javascript.jar" name="sun.boot.class.path"/>
    <property value="" name="sun.java2d.fontpath"/>
    <property value="Sun Microsystems Inc." name="java.vm.specification.vendor"/>
    <property value="jvmwi3260sr9-20110216_75791" name="java.runtime.version"/>
    <property value="AADM182" name="user.name"/>
    <property value="j9jit24" name="java.compiler"/>
    <property value="UTF8" name="os.encoding"/>
    <property value="true" name="guice.disable.misplaced.annotation.check"/>
    <property value="" name="com.ibm.util.extralibs.properties"/>
    <property value="" name="com.ibm.jcl.checkClassPath"/>
    <property value="en" name="user.language"/>
    <property value="C:\Program Files (x86)\IBM\SDP\runtimes\base_v7\java\jre\bin" name="com.ibm.oti.vm.bootstrap.library.path"/>
    <property value="C:\Program Files (x86)\IBM\SDP\runtimes\base_v7\java\jre\bin" name="sun.boot.library.path"/>
    <property value="C:\Users\aadm182\IBM\rationalsdp\workspace\nbo\.metadata\.plugins\org.eclipse.m2e.launching\launches\m2conf3743825325918617646.tmp" name="classworlds.conf"/>
    <property value="1.6.0" name="java.version"/>
    <property value="Australia/Sydney" name="user.timezone"/>
    <property value="32" name="sun.arch.data.model"/>
    <property value="1" name="com.ibm.zero.version"/>
    <property value="C:\Program Files (x86)\IBM\SDP\runtimes\base_v7\java\jre\lib\endorsed" name="java.endorsed.dirs"/>
    <property value="24" name="com.ibm.oti.vm.library.version"/>
    <property value="Cp1252" name="sun.jnu.encoding"/>
    <property value="15" name="jxe.current.romimage.version"/>
    <property value="\" name="file.separator"/>
    <property value="Java Platform API Specification" name="java.specification.name"/>
    <property value="50.0" name="java.class.version"/>
    <property value="AU" name="user.country"/>
    <property value="C:\Program Files (x86)\IBM\SDP\runtimes\base_v7\java\jre" name="java.home"/>
    <property value="JRE 1.6.0 IBM J9 2.4 Windows 7 x86-32 jvmwi3260sr9-20110216_75791 (JIT enabled, AOT enabled)
J9VM - 20110216_075791
JIT  - r9_20101028_17488ifx4
GC   - 20101027_AA" name="java.vm.info"/>
    <property value="6.1 build 7601 Service Pack 1" name="os.version"/>
    <property value="" name="java.awt.fonts"/>
    <property value=";" name="path.separator"/>
    <property value="2.4" name="java.vm.version"/>
    <property value="java.util.prefs.WindowsPreferencesFactory" name="java.util.prefs.PreferencesFactory"/>
    <property value="" name="user.variant"/>
    <property value="sun.awt.windows.WPrinterJob" name="java.awt.printerjob"/>
    <property value="UnicodeLittle" name="sun.io.unicode.encoding"/>
    <property value="sun.awt.windows.WToolkit" name="awt.toolkit"/>
    <property value="true" name="ibm.signalhandling.sigint"/>
    <property value="ON" name="java.assistive"/>
    <property value="C:\Users\aadm182" name="user.home"/>
    <property value="little" name="com.ibm.cpu.endian"/>
    <property value="Sun Microsystems Inc." name="java.specification.vendor"/>
    <property value="true" name="ibm.signalhandling.sigchain"/>
    <property value="C:\Program Files (x86)\IBM\SDP\runtimes\base_v7\java\jre\bin;.;C:\Program Files\IBM\SQLLIB\BIN;C:\Program Files\IBM\SQLLIB\FUNCTION;C:\ProgramData\Oracle\Java\javapath;C:\apache\apache-maven-3.2.1\bin\;C:\apache\apache-ant-1.9.3\bin\;C:\Program Files\Java\jdk1.7.0_55\bin\;C:\Program Files\Common Files\Microsoft Shared\Microsoft Online Services;C:\Program Files (x86)\Common Files\Microsoft Shared\Microsoft Online Services;C:\WINDOWS\system32;C:\WINDOWS;C:\WINDOWS\System32\Wbem;C:\WINDOWS\System32\WindowsPowerShell\v1.0\;C:\Program Files (x86)\IBM\Client Access\Emulator;C:\Program Files (x86)\IBM\Client Access\Shared;C:\Program Files (x86)\IBM\Client Access\;C:\Program Files\TortoiseSVN\bin;C:\Program Files\Git\cmd;C:\Program Files\Docker Toolbox" name="java.library.path"/>
    <property value="http://www.ibm.com/" name="java.vendor.url"/>
    <property value="IBM Corporation" name="java.vm.vendor"/>
    <property value="JRE 1.6.0 IBM J9 2.4 Windows 7 x86-32 jvmwi3260sr9-20110216_75791 (JIT enabled, AOT enabled)
J9VM - 20110216_075791
JIT  - r9_20101028_17488ifx4
GC   - 20101027_AA" name="java.fullversion"/>
    <property value="C:\Users\aadm182\IBM\rationalsdp\workspace\nbo\CalculatorService\EMBEDDED" name="maven.home"/>
    <property value="Java(TM) SE Runtime Environment" name="java.runtime.name"/>
    <property value="org.codehaus.plexus.classworlds.launcher.Launcher -B -s C:\Users\aadm182\.m2\settings.xml install" name="sun.java.command"/>
    <property value="/C:/Program Files (x86)/IBM/IMShared/plugins/org.eclipse.m2e.maven.runtime_1.4.0.20130516-2209/jars/plexus-classworlds-2.4.jar" name="java.class.path"/>
    <property value="Java Virtual Machine Specification" name="java.vm.specification.name"/>
    <property value="1.0" name="java.vm.specification.version"/>
    <property value="C:\Users\aadm182\AppData\Local\Temp\" name="java.io.tmpdir"/>
    <property value="20110401_02" name="java.jcl.version"/>
    <property value="Cp1252" name="ibm.system.encoding"/>
    <property value="x86" name="os.arch"/>
    <property value="sun.awt.Win32GraphicsEnvironment" name="java.awt.graphicsenv"/>
    <property value="false" name="ibm.signalhandling.rs"/>
    <property value="C:\Program Files (x86)\IBM\SDP\runtimes\base_v7\java\jre\lib\ext" name="java.ext.dirs"/>
    <property value="C:\Users\aadm182\IBM\rationalsdp\workspace\nbo\CalculatorService" name="user.dir"/>
    <property value="
" name="line.separator"/>
    <property value="IBM J9 VM" name="java.vm.name"/>
    <property value="false" name="com.ibm.oti.shared.enabled"/>
    <property value="32" name="com.ibm.vm.bitmode"/>
    <property value="15" name="jxe.lowest.romimage.version"/>
    <property value="Cp1252" name="file.encoding"/>
    <property value="20110120_1505" name="com.ibm.oti.jcl.build"/>
    <property value="1.6" name="java.specification.version"/>
    <property value="scar" name="com.ibm.oti.configuration"/>
    <property value="/C:/Program Files (x86)/IBM/IMShared/plugins/org.eclipse.m2e.maven.runtime_1.4.0.20130516-2209/jars/plexus-classworlds-2.4.jar" name="maven.bootclasspath"/>
  </properties>
  <testcase classname="au.com.nab.calculator.service.CalculatorServiceTest" name="testAdd" time="0.031"/>
  <testcase classname="au.com.nab.calculator.service.CalculatorServiceTest" name="testSubtract" time="0"/>
  <testcase classname="au.com.nab.calculator.service.CalculatorServiceTest" name="testDivide" time="0"/>
  <testcase classname="au.com.nab.calculator.service.CalculatorServiceTest" name="testMultiply" time="0"/>
</testsuite>